Arguments: 
  /usr/local/bin/node /usr/local/Cellar/yarn/1.22.10/libexec/bin/yarn.js add graphql express apollo-server-express apollo-server passport graphql-passport @apollo/gateway @apollo/federated

PATH: 
  /Users/kieronmckenna/.poetry/bin:/Library/PostgreSQL/12/bin:/Library/Frameworks/Python.framework/Versions/3.8/bin:/Users/kieronmckenna/flutter/bin:/usr/local/bin:/usr/bin:/bin:/usr/sbin:/sbin:/Library/Apple/usr/bin:/Users/kieronmckenna/opt/anaconda3/bin:/Users/kieronmckenna/opt/anaconda3/condabin:/Users/kieronmckenna/.poetry/bin:/Library/PostgreSQL/12/bin:/Library/Frameworks/Python.framework/Versions/3.8/bin:/Users/kieronmckenna/flutter/bin

Yarn version: 
  1.22.10

Node version: 
  14.10.0

Platform: 
  darwin x64

Trace: 
  Error: https://registry.yarnpkg.com/@apollo%2ffederated: Not found
      at Request.params.callback [as _callback] (/usr/local/Cellar/yarn/1.22.10/libexec/lib/cli.js:66988:18)
      at Request.self.callback (/usr/local/Cellar/yarn/1.22.10/libexec/lib/cli.js:140749:22)
      at Request.emit (events.js:314:20)
      at Request.<anonymous> (/usr/local/Cellar/yarn/1.22.10/libexec/lib/cli.js:141721:10)
      at Request.emit (events.js:314:20)
      at IncomingMessage.<anonymous> (/usr/local/Cellar/yarn/1.22.10/libexec/lib/cli.js:141643:12)
      at Object.onceWrapper (events.js:420:28)
      at IncomingMessage.emit (events.js:326:22)
      at endReadableNT (_stream_readable.js:1308:12)
      at processTicksAndRejections (internal/process/task_queues.js:80:21)

npm manifest: 
  {
    "name": "federated-graphql-passport",
    "version": "1.0.0",
    "main": "index.js",
    "license": "MIT"
  }

yarn manifest: 
  No manifest

Lockfile: 
  No lockfile
